(INFO) 2024-01-04 18:06:43: === 加载模型:weights/sam_hq_vit_l.pth 开始计时……
(INFO) 2024-01-04 18:06:51: === 加载模型:weights/sam_hq_vit_l.pth 耗时 7953ms
(INFO) 2024-01-04 18:06:56: === Post全程 开始计时……
(INFO) 2024-01-04 18:06:56: body_dict: {'imgPath': 'imgs/kaola.jpg', 'preMask': 'imgs/result3.png', 'resultPath': 'imgs/result9.png', 'box': {'xmin': 0, 'ymin': 0, 'xmax': 1919, 'ymax': 1199}, 'maskColor': {'R': 0, 'G': 255, 'B': 0, 'A': 200}, 'click': [{'x': 1189, 'y': 834, 'is_positive': True}]}
(INFO) 2024-01-04 18:06:56: === Wrapper内部 开始计时……
(INFO) 2024-01-04 18:06:56: === Read img imgs/kaola.jpg 开始计时……
(INFO) 2024-01-04 18:06:56: === Read img imgs/kaola.jpg 耗时 34ms
(INFO) 2024-01-04 18:06:56: === Read img imgs/kaola.jpg --> 颜色转换 耗时 43ms
(INFO) 2024-01-04 18:06:56: === Read img imgs/result3.png 开始计时……
(INFO) 2024-01-04 18:06:56: === Read img imgs/result3.png 耗时 37ms
(INFO) 2024-01-04 18:06:56: === mask_input loaded from: imgs/result3.png.npy
(INFO) 2024-01-04 18:06:56: === Wrapper内部 --> 读图 耗时 83ms
(INFO) 2024-01-04 18:06:56: === Wrapper内部 --> 初始化Predictor 耗时 83ms
(INFO) 2024-01-04 18:06:59: === Wrapper内部 --> 调用Image Encoder 耗时 3458ms
(INFO) 2024-01-04 18:06:59: === Wrapper内部 --> 调用Predictor 耗时 3491ms
(INFO) 2024-01-04 18:06:59: === Wrapper内部 --> 处理颜色 耗时 3491ms
(INFO) 2024-01-04 18:06:59: === Prob saved to: imgs/result9.png.npy
(INFO) 2024-01-04 18:06:59: === masks scores<--->[0.96614796]
(INFO) 2024-01-04 18:06:59: === Wrapper内部 耗时 3594ms
(INFO) 2024-01-04 18:06:59: === Post全程 耗时 3605ms
(INFO) 2024-01-04 18:07:45: === Post全程 开始计时……
(INFO) 2024-01-04 18:07:45: body_dict: {'imgPath': 'imgs/kaola.jpg', 'preMask': 'imgs/result3.png', 'resultPath': 'imgs/result8.png', 'box': {'xmin': 0, 'ymin': 0, 'xmax': 1919, 'ymax': 1199}, 'maskColor': {'R': 0, 'G': 255, 'B': 0, 'A': 200}, 'click': [{'x': 1189, 'y': 834, 'is_positive': True}]}
(INFO) 2024-01-04 18:07:45: === Wrapper内部 开始计时……
(INFO) 2024-01-04 18:07:45: === Read img imgs/kaola.jpg 开始计时……
(INFO) 2024-01-04 18:07:45: === Read img imgs/kaola.jpg 耗时 37ms
(INFO) 2024-01-04 18:07:45: === Read img imgs/kaola.jpg --> 颜色转换 耗时 38ms
(INFO) 2024-01-04 18:07:45: === Read img imgs/result3.png 开始计时……
(INFO) 2024-01-04 18:07:45: === Read img imgs/result3.png 耗时 38ms
(INFO) 2024-01-04 18:07:45: === mask_input loaded from: imgs/result3.png.npy
(INFO) 2024-01-04 18:07:45: === Wrapper内部 --> 读图 耗时 78ms
(INFO) 2024-01-04 18:07:45: === Wrapper内部 --> 初始化Predictor 耗时 78ms
(INFO) 2024-01-04 18:07:45: === Wrapper内部 --> 调用Image Encoder 耗时 116ms
(INFO) 2024-01-04 18:07:45: === Wrapper内部 --> 调用Predictor 耗时 134ms
(INFO) 2024-01-04 18:07:45: === Wrapper内部 --> 处理颜色 耗时 134ms
(INFO) 2024-01-04 18:07:45: === Prob saved to: imgs/result8.png.npy
(INFO) 2024-01-04 18:07:45: === masks scores<--->[0.96614796]
(INFO) 2024-01-04 18:07:45: === Wrapper内部 耗时 212ms
(INFO) 2024-01-04 18:07:45: === Post全程 耗时 218ms
