(INFO) 2024-01-02 17:10:28: === 加载模型:weights/sam_hq_vit_l.pth 开始计时……
(INFO) 2024-01-02 17:10:35: === 加载模型:weights/sam_hq_vit_l.pth 耗时 7260ms
(INFO) 2024-01-02 17:10:38: === Post全程 开始计时……
(INFO) 2024-01-02 17:10:38: body_dict: {'imgPath': 'imgs/kaola.jpg', 'preMask': 'imgs/result3.png', 'resultPath': 'imgs/result5.png', 'box': {'xmin': 752, 'ymin': 404, 'xmax': 1267, 'ymax': 958}, 'maskColor': {'R': 0, 'G': 255, 'B': 0, 'A': 200}, 'click': [{'x': 1189, 'y': 834, 'is_positive': True}]}
(INFO) 2024-01-02 17:10:38: === Wrapper内部 开始计时……
(ERROR) 2024-01-02 17:10:38: Failed to predict.
Traceback (most recent call last):
  File "/home/jyf/code/sam/fast_seg/app.py", line 298, in post
    mask_path = self.model.predict(body_dict)
  File "/home/jyf/code/sam/fast_seg/app.py", line 140, in predict
    check_result_path(result_path=result_path)
  File "/home/jyf/code/sam/fast_seg/app.py", line 120, in check_result_path
    raise Exception("目标路径[{}]已存在文件".format(result_path))
Exception: 目标路径[imgs/result5.png]已存在文件
(INFO) 2024-01-02 17:10:47: === Post全程 开始计时……
(INFO) 2024-01-02 17:10:47: body_dict: {'imgPath': 'imgs/kaola.jpg', 'preMask': 'imgs/result3.png', 'resultPath': 'imgs/result6.png', 'box': {'xmin': 752, 'ymin': 404, 'xmax': 1267, 'ymax': 958}, 'maskColor': {'R': 0, 'G': 255, 'B': 0, 'A': 200}, 'click': [{'x': 1189, 'y': 834, 'is_positive': True}]}
(INFO) 2024-01-02 17:10:47: === Wrapper内部 开始计时……
(INFO) 2024-01-02 17:10:47: === Read img imgs/kaola.jpg 开始计时……
(INFO) 2024-01-02 17:10:47: === Read img imgs/kaola.jpg 耗时 37ms
(INFO) 2024-01-02 17:10:47: === Read img imgs/kaola.jpg --> 颜色转换 耗时 49ms
(INFO) 2024-01-02 17:10:47: === Read img imgs/result3.png 开始计时……
(INFO) 2024-01-02 17:10:47: === Read img imgs/result3.png 耗时 41ms
(INFO) 2024-01-02 17:10:47: === mask_input loaded from: imgs/result3.png.npy
(INFO) 2024-01-02 17:10:47: === Wrapper内部 --> 读图 耗时 93ms
(INFO) 2024-01-02 17:10:47: === Wrapper内部 --> 初始化Predictor 耗时 93ms
(INFO) 2024-01-02 17:10:49: === Wrapper内部 --> 调用Image Encoder 耗时 2613ms
(INFO) 2024-01-02 17:10:49: === Wrapper内部 --> 调用Predictor 耗时 2644ms
(INFO) 2024-01-02 17:10:49: === Wrapper内部 --> 处理颜色 耗时 2644ms
(INFO) 2024-01-02 17:10:49: === Prob saved to: imgs/result6.png.npy
(INFO) 2024-01-02 17:10:49: === masks scores<--->[0.99349046]
(INFO) 2024-01-02 17:10:49: === Wrapper内部 耗时 2724ms
(INFO) 2024-01-02 17:10:49: === Post全程 耗时 2739ms
(INFO) 2024-01-02 17:10:58: === Post全程 开始计时……
(INFO) 2024-01-02 17:10:58: body_dict: {'imgPath': 'imgs/kaola.jpg', 'preMask': 'imgs/result3.png', 'resultPath': 'imgs/result7.png', 'box': {'xmin': 752, 'ymin': 404, 'xmax': 1267, 'ymax': 958}, 'maskColor': {'R': 0, 'G': 255, 'B': 0, 'A': 200}, 'click': [{'x': 1189, 'y': 834, 'is_positive': True}]}
(INFO) 2024-01-02 17:10:58: === Wrapper内部 开始计时……
(INFO) 2024-01-02 17:10:58: === Read img imgs/kaola.jpg 开始计时……
(INFO) 2024-01-02 17:10:58: === Read img imgs/kaola.jpg 耗时 36ms
(INFO) 2024-01-02 17:10:58: === Read img imgs/kaola.jpg --> 颜色转换 耗时 38ms
(INFO) 2024-01-02 17:10:58: === Read img imgs/result3.png 开始计时……
(INFO) 2024-01-02 17:10:58: === Read img imgs/result3.png 耗时 29ms
(INFO) 2024-01-02 17:10:58: === mask_input loaded from: imgs/result3.png.npy
(INFO) 2024-01-02 17:10:58: === Wrapper内部 --> 读图 耗时 70ms
(INFO) 2024-01-02 17:10:58: === Wrapper内部 --> 初始化Predictor 耗时 70ms
(INFO) 2024-01-02 17:10:58: === Wrapper内部 --> 调用Image Encoder 耗时 106ms
(INFO) 2024-01-02 17:10:59: === Wrapper内部 --> 调用Predictor 耗时 182ms
(INFO) 2024-01-02 17:10:59: === Wrapper内部 --> 处理颜色 耗时 182ms
(INFO) 2024-01-02 17:10:59: === Prob saved to: imgs/result7.png.npy
(INFO) 2024-01-02 17:10:59: === masks scores<--->[0.99349046]
(INFO) 2024-01-02 17:10:59: === Wrapper内部 耗时 255ms
(INFO) 2024-01-02 17:10:59: === Post全程 耗时 260ms
