(INFO) 2024-01-02 17:08:34: === 加载模型:weights/sam_hq_vit_l.pth 开始计时……
(INFO) 2024-01-02 17:08:41: === 加载模型:weights/sam_hq_vit_l.pth 耗时 7350ms
(INFO) 2024-01-02 17:08:55: === Post全程 开始计时……
(INFO) 2024-01-02 17:08:55: body_dict: {'imgPath': 'imgs/kaola.jpg', 'preMask': 'imgs/result3.png', 'resultPath': 'imgs/result4.png', 'box': {'xmin': 752, 'ymin': 404, 'xmax': 1267, 'ymax': 958}, 'maskColor': {'R': 0, 'G': 255, 'B': 0, 'A': 200}, 'click': [{'x': 1189, 'y': 834, 'is_positive': True}]}
(INFO) 2024-01-02 17:08:55: === Wrapper内部 开始计时……
(INFO) 2024-01-02 17:08:55: === Read img imgs/kaola.jpg 开始计时……
(INFO) 2024-01-02 17:08:55: === Read img imgs/kaola.jpg 耗时 36ms
(INFO) 2024-01-02 17:08:55: === Read img imgs/kaola.jpg --> 颜色转换 耗时 47ms
(INFO) 2024-01-02 17:08:55: === Read img imgs/result3.png 开始计时……
(INFO) 2024-01-02 17:08:55: === Read img imgs/result3.png 耗时 31ms
(INFO) 2024-01-02 17:08:55: === mask_input loaded from: imgs/result3.png.npy
(INFO) 2024-01-02 17:08:55: === Wrapper内部 --> 读图 耗时 81ms
(INFO) 2024-01-02 17:08:55: === Wrapper内部 --> 初始化Predictor 耗时 81ms
(INFO) 2024-01-02 17:08:57: === Wrapper内部 --> 调用Image Encoder 耗时 2731ms
(INFO) 2024-01-02 17:08:58: === Wrapper内部 --> 调用Predictor 耗时 2763ms
(INFO) 2024-01-02 17:08:58: === Wrapper内部 --> 处理颜色 耗时 2763ms
(INFO) 2024-01-02 17:08:58: === Prob saved to: imgs/result4.png.npy
(INFO) 2024-01-02 17:08:58: === masks scores<--->[0.99349046]
(INFO) 2024-01-02 17:08:58: === Wrapper内部 耗时 2867ms
(INFO) 2024-01-02 17:08:58: === Post全程 耗时 2945ms
(INFO) 2024-01-02 17:09:18: === Post全程 开始计时……
(INFO) 2024-01-02 17:09:18: body_dict: {'imgPath': 'imgs/kaola.jpg', 'preMask': 'imgs/result3.png', 'resultPath': 'imgs/result5.png', 'box': {'xmin': 752, 'ymin': 404, 'xmax': 1267, 'ymax': 958}, 'maskColor': {'R': 0, 'G': 255, 'B': 0, 'A': 200}, 'click': [{'x': 1189, 'y': 834, 'is_positive': True}]}
(INFO) 2024-01-02 17:09:18: === Wrapper内部 开始计时……
(INFO) 2024-01-02 17:09:18: === Read img imgs/kaola.jpg 开始计时……
(INFO) 2024-01-02 17:09:18: === Read img imgs/kaola.jpg 耗时 36ms
(INFO) 2024-01-02 17:09:18: === Read img imgs/kaola.jpg --> 颜色转换 耗时 37ms
(INFO) 2024-01-02 17:09:18: === Read img imgs/result3.png 开始计时……
(INFO) 2024-01-02 17:09:18: === Read img imgs/result3.png 耗时 27ms
(INFO) 2024-01-02 17:09:18: === mask_input loaded from: imgs/result3.png.npy
(INFO) 2024-01-02 17:09:18: === Wrapper内部 --> 读图 耗时 67ms
(INFO) 2024-01-02 17:09:18: === Wrapper内部 --> 初始化Predictor 耗时 67ms
(INFO) 2024-01-02 17:09:18: === Wrapper内部 --> 调用Image Encoder 耗时 512ms
(INFO) 2024-01-02 17:09:18: === Wrapper内部 --> 调用Predictor 耗时 542ms
(INFO) 2024-01-02 17:09:18: === Wrapper内部 --> 处理颜色 耗时 542ms
(INFO) 2024-01-02 17:09:18: === Prob saved to: imgs/result5.png.npy
(INFO) 2024-01-02 17:09:18: === masks scores<--->[0.99349046]
(INFO) 2024-01-02 17:09:18: === Wrapper内部 耗时 625ms
(INFO) 2024-01-02 17:09:18: === Post全程 耗时 642ms
