(INFO) 2024-01-02 15:45:43: === 加载模型:weights/sam_hq_vit_l.pth 开始计时……
(INFO) 2024-01-02 15:45:51: === 加载模型:weights/sam_hq_vit_l.pth 耗时 7362ms
(INFO) 2024-01-02 15:45:57: === Post全程 开始计时……
(INFO) 2024-01-02 15:45:57: body_dict: {'imgPath': 'imgs/kaola.jpg', 'preMask': 'imgs/result3.png', 'resultPath': 'imgs/result9.png', 'box': {'xmin': 752, 'ymin': 404, 'xmax': 1267, 'ymax': 958}, 'maskColor': {'R': 0, 'G': 255, 'B': 0, 'A': 200}, 'click': [{'x': 1189, 'y': 834, 'is_positive': True}]}
(INFO) 2024-01-02 15:45:57: === Wrapper内部 开始计时……
(INFO) 2024-01-02 15:45:57: === Read img imgs/kaola.jpg 开始计时……
(INFO) 2024-01-02 15:45:57: === Read img imgs/kaola.jpg 耗时 31ms
(INFO) 2024-01-02 15:45:57: === Read img imgs/kaola.jpg --> 颜色转换 耗时 40ms
(INFO) 2024-01-02 15:45:57: === Read img imgs/result3.png 开始计时……
(INFO) 2024-01-02 15:45:57: === Read img imgs/result3.png 耗时 33ms
(INFO) 2024-01-02 15:45:57: mask_input loaded from: imgs/result3.png.npy
(INFO) 2024-01-02 15:45:57: === Wrapper内部 --> 读图 耗时 75ms
(INFO) 2024-01-02 15:45:57: === Wrapper内部 --> 初始化Predictor 耗时 76ms
(INFO) 2024-01-02 15:45:59: === Wrapper内部 --> 调用Predictor 耗时 2867ms
(INFO) 2024-01-02 15:45:59: === Wrapper内部 --> 处理颜色 耗时 2867ms
(INFO) 2024-01-02 15:46:00: Prob saved to: imgs/result9.png.npy
(INFO) 2024-01-02 15:46:00: masks scores<--->[0.99349046]
(INFO) 2024-01-02 15:46:00: === Wrapper内部 耗时 2951ms
(INFO) 2024-01-02 15:46:00: === Post全程 耗时 2975ms
(INFO) 2024-01-02 15:46:07: === Post全程 开始计时……
(INFO) 2024-01-02 15:46:07: body_dict: {'imgPath': 'imgs/kaola.jpg', 'preMask': 'imgs/result3.png', 'resultPath': 'imgs/result9.png', 'box': {'xmin': 752, 'ymin': 404, 'xmax': 1267, 'ymax': 958}, 'maskColor': {'R': 0, 'G': 255, 'B': 0, 'A': 200}, 'click': [{'x': 1189, 'y': 834, 'is_positive': True}]}
(INFO) 2024-01-02 15:46:07: === Wrapper内部 开始计时……
(ERROR) 2024-01-02 15:46:07: Failed to predict.
Traceback (most recent call last):
  File "/home/jyf/code/sam/fast_seg/app.py", line 294, in post
    mask_path = self.model.predict(body_dict)
  File "/home/jyf/code/sam/fast_seg/app.py", line 136, in predict
    check_result_path(result_path=result_path)
  File "/home/jyf/code/sam/fast_seg/app.py", line 116, in check_result_path
    raise Exception("目标路径[{}]已存在文件".format(result_path))
Exception: 目标路径[imgs/result9.png]已存在文件
(INFO) 2024-01-02 15:46:32: === Post全程 开始计时……
(INFO) 2024-01-02 15:46:32: body_dict: {'imgPath': 'imgs/kaola.jpg', 'preMask': 'imgs/result3.png', 'resultPath': 'imgs/result9.png', 'box': {'xmin': 752, 'ymin': 404, 'xmax': 1267, 'ymax': 958}, 'maskColor': {'R': 0, 'G': 255, 'B': 0, 'A': 200}, 'click': [{'x': 1189, 'y': 834, 'is_positive': True}]}
(INFO) 2024-01-02 15:46:32: === Wrapper内部 开始计时……
(INFO) 2024-01-02 15:46:32: === Read img imgs/kaola.jpg 开始计时……
(INFO) 2024-01-02 15:46:32: === Read img imgs/kaola.jpg 耗时 39ms
(INFO) 2024-01-02 15:46:32: === Read img imgs/kaola.jpg --> 颜色转换 耗时 39ms
(INFO) 2024-01-02 15:46:32: === Read img imgs/result3.png 开始计时……
(INFO) 2024-01-02 15:46:32: === Read img imgs/result3.png 耗时 28ms
(INFO) 2024-01-02 15:46:32: mask_input loaded from: imgs/result3.png.npy
(INFO) 2024-01-02 15:46:32: === Wrapper内部 --> 读图 耗时 69ms
(INFO) 2024-01-02 15:46:32: === Wrapper内部 --> 初始化Predictor 耗时 69ms
(INFO) 2024-01-02 15:46:32: === Wrapper内部 --> 调用Predictor 耗时 531ms
(INFO) 2024-01-02 15:46:32: === Wrapper内部 --> 处理颜色 耗时 531ms
(INFO) 2024-01-02 15:46:32: Prob saved to: imgs/result9.png.npy
(INFO) 2024-01-02 15:46:32: masks scores<--->[0.99349046]
(INFO) 2024-01-02 15:46:32: === Wrapper内部 耗时 611ms
(INFO) 2024-01-02 15:46:32: === Post全程 耗时 712ms
