(INFO) 2024-01-02 15:47:30: === 加载模型:weights/sam_hq_vit_l.pth 开始计时……
(INFO) 2024-01-02 15:47:38: === 加载模型:weights/sam_hq_vit_l.pth 耗时 7704ms
(INFO) 2024-01-02 15:47:44: === Post全程 开始计时……
(INFO) 2024-01-02 15:47:44: body_dict: {'imgPath': 'imgs/kaola.jpg', 'preMask': 'imgs/result3.png', 'resultPath': 'imgs/result9.png', 'box': {'xmin': 752, 'ymin': 404, 'xmax': 1267, 'ymax': 958}, 'maskColor': {'R': 0, 'G': 255, 'B': 0, 'A': 200}, 'click': [{'x': 1189, 'y': 834, 'is_positive': True}]}
(INFO) 2024-01-02 15:47:44: === Wrapper内部 开始计时……
(INFO) 2024-01-02 15:47:44: === Read img imgs/kaola.jpg 开始计时……
(INFO) 2024-01-02 15:47:44: === Read img imgs/kaola.jpg 耗时 41ms
(INFO) 2024-01-02 15:47:44: === Read img imgs/kaola.jpg --> 颜色转换 耗时 52ms
(INFO) 2024-01-02 15:47:44: === Read img imgs/result3.png 开始计时……
(INFO) 2024-01-02 15:47:44: === Read img imgs/result3.png 耗时 35ms
(INFO) 2024-01-02 15:47:44: mask_input loaded from: imgs/result3.png.npy
(INFO) 2024-01-02 15:47:44: === Wrapper内部 --> 读图 耗时 90ms
(INFO) 2024-01-02 15:47:44: === Wrapper内部 --> 初始化Predictor 耗时 90ms
(INFO) 2024-01-02 15:47:46: === Wrapper内部 --> 调用Predictor 耗时 2821ms
(INFO) 2024-01-02 15:47:46: === Wrapper内部 --> 处理颜色 耗时 2822ms
(INFO) 2024-01-02 15:47:47: Prob saved to: imgs/result9.png.npy
(INFO) 2024-01-02 15:47:47: masks scores<--->[0.99349046]
(INFO) 2024-01-02 15:47:47: === Wrapper内部 耗时 2915ms
(INFO) 2024-01-02 15:47:47: === Post全程 耗时 2972ms
(INFO) 2024-01-02 15:48:30: === Post全程 开始计时……
(INFO) 2024-01-02 15:48:30: body_dict: {'imgPath': 'imgs/kaola.jpg', 'preMask': 'imgs/result3.png', 'resultPath': 'imgs/result9.png', 'box': {'xmin': 752, 'ymin': 404, 'xmax': 1267, 'ymax': 958}, 'maskColor': {'R': 0, 'G': 255, 'B': 0, 'A': 200}, 'click': [{'x': 1189, 'y': 834, 'is_positive': True}]}
(INFO) 2024-01-02 15:48:30: === Wrapper内部 开始计时……
(INFO) 2024-01-02 15:48:30: === Read img imgs/kaola.jpg 开始计时……
(INFO) 2024-01-02 15:48:30: === Read img imgs/kaola.jpg 耗时 40ms
(INFO) 2024-01-02 15:48:30: === Read img imgs/kaola.jpg --> 颜色转换 耗时 41ms
(INFO) 2024-01-02 15:48:30: === Read img imgs/result3.png 开始计时……
(INFO) 2024-01-02 15:48:30: === Read img imgs/result3.png 耗时 29ms
(INFO) 2024-01-02 15:48:30: mask_input loaded from: imgs/result3.png.npy
(INFO) 2024-01-02 15:48:30: === Wrapper内部 --> 读图 耗时 72ms
(INFO) 2024-01-02 15:48:30: === Wrapper内部 --> 初始化Predictor 耗时 72ms
(INFO) 2024-01-02 15:48:31: === Wrapper内部 --> 调用Predictor 耗时 572ms
(INFO) 2024-01-02 15:48:31: === Wrapper内部 --> 处理颜色 耗时 572ms
(INFO) 2024-01-02 15:48:31: Prob saved to: imgs/result9.png.npy
(INFO) 2024-01-02 15:48:31: masks scores<--->[0.99349046]
(INFO) 2024-01-02 15:48:31: === Wrapper内部 耗时 648ms
(INFO) 2024-01-02 15:48:31: === Post全程 耗时 773ms
