(INFO) 2024-01-02 16:47:40: === 加载模型:weights/sam_hq_vit_l.pth 开始计时……
(INFO) 2024-01-02 16:47:48: === 加载模型:weights/sam_hq_vit_l.pth 耗时 7684ms
(INFO) 2024-01-02 16:48:37: === Post全程 开始计时……
(INFO) 2024-01-02 16:48:37: body_dict: {'imgPath': 'imgs/kaola.jpg', 'preMask': 'imgs/result3.png', 'resultPath': 'imgs/result9.png', 'box': {'xmin': 752, 'ymin': 404, 'xmax': 1267, 'ymax': 958}, 'maskColor': {'R': 0, 'G': 255, 'B': 0, 'A': 200}, 'click': [{'x': 1189, 'y': 834, 'is_positive': True}]}
(INFO) 2024-01-02 16:48:37: === Wrapper内部 开始计时……
(INFO) 2024-01-02 16:48:37: === Read img imgs/kaola.jpg 开始计时……
(INFO) 2024-01-02 16:48:37: === Read img imgs/kaola.jpg 耗时 49ms
(INFO) 2024-01-02 16:48:37: === Read img imgs/kaola.jpg --> 颜色转换 耗时 64ms
(INFO) 2024-01-02 16:48:37: === Read img imgs/result3.png 开始计时……
(INFO) 2024-01-02 16:48:37: === Read img imgs/result3.png 耗时 34ms
(INFO) 2024-01-02 16:48:37: === mask_input loaded from: imgs/result3.png.npy
(INFO) 2024-01-02 16:48:37: === Wrapper内部 --> 读图 耗时 101ms
(INFO) 2024-01-02 16:48:37: === Wrapper内部 --> 初始化Predictor 耗时 101ms
(INFO) 2024-01-02 16:48:40: === Wrapper内部 --> 调用Image Encoder 耗时 2781ms
(INFO) 2024-01-02 16:48:40: === Wrapper内部 --> 调用Predictor 耗时 2812ms
(INFO) 2024-01-02 16:48:40: === Wrapper内部 --> 处理颜色 耗时 2812ms
(INFO) 2024-01-02 16:48:40: === Prob saved to: imgs/result9.png.npy
(INFO) 2024-01-02 16:48:40: === masks scores<--->[0.99349046]
(INFO) 2024-01-02 16:48:40: === Wrapper内部 耗时 2897ms
(INFO) 2024-01-02 16:48:40: === Post全程 耗时 2908ms
(INFO) 2024-01-02 16:53:09: === Post全程 开始计时……
(INFO) 2024-01-02 16:53:09: body_dict: {'imgPath': 'imgs/kaola.jpg', 'preMask': 'imgs/result3.png', 'resultPath': 'imgs/result9.png', 'box': {'xmin': 752, 'ymin': 404, 'xmax': 1267, 'ymax': 958}, 'maskColor': {'R': 0, 'G': 255, 'B': 0, 'A': 200}, 'click': [{'x': 1189, 'y': 834, 'is_positive': True}]}
(INFO) 2024-01-02 16:53:09: === Wrapper内部 开始计时……
(INFO) 2024-01-02 16:53:09: === Read img imgs/kaola.jpg 开始计时……
(INFO) 2024-01-02 16:53:09: === Read img imgs/kaola.jpg 耗时 36ms
(INFO) 2024-01-02 16:53:09: === Read img imgs/kaola.jpg --> 颜色转换 耗时 37ms
(INFO) 2024-01-02 16:53:09: === Read img imgs/result3.png 开始计时……
(INFO) 2024-01-02 16:53:09: === Read img imgs/result3.png 耗时 29ms
(INFO) 2024-01-02 16:53:09: === mask_input loaded from: imgs/result3.png.npy
(INFO) 2024-01-02 16:53:09: === Wrapper内部 --> 读图 耗时 68ms
(INFO) 2024-01-02 16:53:09: === Wrapper内部 --> 初始化Predictor 耗时 69ms
(INFO) 2024-01-02 16:53:10: === Wrapper内部 --> 调用Image Encoder 耗时 505ms
(INFO) 2024-01-02 16:53:10: === Wrapper内部 --> 调用Predictor 耗时 534ms
(INFO) 2024-01-02 16:53:10: === Wrapper内部 --> 处理颜色 耗时 535ms
(INFO) 2024-01-02 16:53:10: === Prob saved to: imgs/result9.png.npy
(INFO) 2024-01-02 16:53:10: === masks scores<--->[0.99349046]
(INFO) 2024-01-02 16:53:10: === Wrapper内部 耗时 611ms
(INFO) 2024-01-02 16:53:10: === Post全程 耗时 707ms
