(INFO) 2024-01-02 17:19:30: === 加载模型:weights/sam_hq_vit_l.pth 开始计时……
(INFO) 2024-01-02 17:19:38: === 加载模型:weights/sam_hq_vit_l.pth 耗时 7271ms
(INFO) 2024-01-02 17:20:16: === Post全程 开始计时……
(INFO) 2024-01-02 17:20:16: body_dict: {'imgPath': 'imgs/kaola.jpg', 'preMask': 'imgs/result3.png', 'resultPath': 'imgs/result11.png', 'box': {'xmin': 752, 'ymin': 404, 'xmax': 1267, 'ymax': 958}, 'maskColor': {'R': 0, 'G': 255, 'B': 0, 'A': 200}, 'click': [{'x': 1189, 'y': 834, 'is_positive': True}]}
(INFO) 2024-01-02 17:20:16: === Wrapper内部 开始计时……
(INFO) 2024-01-02 17:20:16: === Read img imgs/kaola.jpg 开始计时……
(INFO) 2024-01-02 17:20:16: === Read img imgs/kaola.jpg 耗时 36ms
(INFO) 2024-01-02 17:20:16: === Read img imgs/kaola.jpg --> 颜色转换 耗时 45ms
(INFO) 2024-01-02 17:20:16: === Read img imgs/result3.png 开始计时……
(INFO) 2024-01-02 17:20:16: === Read img imgs/result3.png 耗时 32ms
(INFO) 2024-01-02 17:20:16: === mask_input loaded from: imgs/result3.png.npy
(INFO) 2024-01-02 17:20:16: === Wrapper内部 --> 读图 耗时 80ms
(INFO) 2024-01-02 17:20:16: === Wrapper内部 --> 初始化Predictor 耗时 80ms
(INFO) 2024-01-02 17:20:18: === Wrapper内部 --> 调用Image Encoder 耗时 2622ms
(INFO) 2024-01-02 17:20:18: === Wrapper内部 --> 调用Predictor 耗时 2654ms
(INFO) 2024-01-02 17:20:18: === Wrapper内部 --> 处理颜色 耗时 2654ms
(INFO) 2024-01-02 17:20:19: === Prob saved to: imgs/result11.png.npy
(INFO) 2024-01-02 17:20:19: === masks scores<--->[0.99349046]
(INFO) 2024-01-02 17:20:19: === Wrapper内部 耗时 2742ms
(INFO) 2024-01-02 17:20:19: === Post全程 耗时 2752ms
(INFO) 2024-01-02 17:20:37: === Post全程 开始计时……
(INFO) 2024-01-02 17:20:37: body_dict: {'imgPath': 'imgs/kaola.jpg', 'preMask': 'imgs/result3.png', 'resultPath': 'imgs/result10.png', 'box': {'xmin': 752, 'ymin': 404, 'xmax': 1267, 'ymax': 958}, 'maskColor': {'R': 0, 'G': 255, 'B': 0, 'A': 200}, 'click': [{'x': 1189, 'y': 834, 'is_positive': True}]}
(INFO) 2024-01-02 17:20:37: === Wrapper内部 开始计时……
(INFO) 2024-01-02 17:20:37: === Read img imgs/kaola.jpg 开始计时……
(INFO) 2024-01-02 17:20:37: === Read img imgs/kaola.jpg 耗时 39ms
(INFO) 2024-01-02 17:20:37: === Read img imgs/kaola.jpg --> 颜色转换 耗时 40ms
(INFO) 2024-01-02 17:20:37: === Read img imgs/result3.png 开始计时……
(INFO) 2024-01-02 17:20:37: === Read img imgs/result3.png 耗时 27ms
(INFO) 2024-01-02 17:20:37: === mask_input loaded from: imgs/result3.png.npy
(INFO) 2024-01-02 17:20:37: === Wrapper内部 --> 读图 耗时 69ms
(INFO) 2024-01-02 17:20:37: === Wrapper内部 --> 初始化Predictor 耗时 69ms
(ERROR) 2024-01-02 17:20:37: Failed to predict.
Traceback (most recent call last):
  File "/home/jyf/code/sam/fast_seg/app.py", line 300, in post
    mask_path = self.model.predict(body_dict)
  File "/home/jyf/code/sam/fast_seg/app.py", line 203, in predict
    print(cache[image_hash][1].shape)
AttributeError: 'list' object has no attribute 'shape'
