(INFO) 2024-01-02 17:37:04: === 加载模型:weights/sam_hq_vit_l.pth 开始计时……
(INFO) 2024-01-02 17:37:11: === 加载模型:weights/sam_hq_vit_l.pth 耗时 6836ms
(INFO) 2024-01-02 17:37:13: === Post全程 开始计时……
(INFO) 2024-01-02 17:37:13: body_dict: {'imgPath': 'imgs/kaola.jpg', 'preMask': 'imgs/result3.png', 'resultPath': 'imgs/result7.png', 'box': {'xmin': 752, 'ymin': 404, 'xmax': 1267, 'ymax': 958}, 'maskColor': {'R': 0, 'G': 255, 'B': 0, 'A': 200}, 'click': [{'x': 1189, 'y': 834, 'is_positive': True}]}
(INFO) 2024-01-02 17:37:13: === Wrapper内部 开始计时……
(INFO) 2024-01-02 17:37:13: === Read img imgs/kaola.jpg 开始计时……
(INFO) 2024-01-02 17:37:13: === Read img imgs/kaola.jpg 耗时 37ms
(INFO) 2024-01-02 17:37:13: === Read img imgs/kaola.jpg --> 颜色转换 耗时 49ms
(INFO) 2024-01-02 17:37:13: === Read img imgs/result3.png 开始计时……
(INFO) 2024-01-02 17:37:13: === Read img imgs/result3.png 耗时 32ms
(INFO) 2024-01-02 17:37:13: === mask_input loaded from: imgs/result3.png.npy
(INFO) 2024-01-02 17:37:13: === Wrapper内部 --> 读图 耗时 84ms
(INFO) 2024-01-02 17:37:13: === Wrapper内部 --> 初始化Predictor 耗时 84ms
(INFO) 2024-01-02 17:37:16: === Wrapper内部 --> 调用Image Encoder 耗时 2677ms
(INFO) 2024-01-02 17:37:16: === Wrapper内部 --> 调用Predictor 耗时 2709ms
(INFO) 2024-01-02 17:37:16: === Wrapper内部 --> 处理颜色 耗时 2709ms
(INFO) 2024-01-02 17:37:16: === Prob saved to: imgs/result7.png.npy
(INFO) 2024-01-02 17:37:16: === masks scores<--->[0.99349046]
(INFO) 2024-01-02 17:37:16: === Wrapper内部 耗时 2796ms
(INFO) 2024-01-02 17:37:16: === Post全程 耗时 2822ms
(INFO) 2024-01-02 17:37:24: === Post全程 开始计时……
(INFO) 2024-01-02 17:37:24: body_dict: {'imgPath': 'imgs/kaola.jpg', 'preMask': 'imgs/result3.png', 'resultPath': 'imgs/result6.png', 'box': {'xmin': 752, 'ymin': 404, 'xmax': 1267, 'ymax': 958}, 'maskColor': {'R': 0, 'G': 255, 'B': 0, 'A': 200}, 'click': [{'x': 1189, 'y': 834, 'is_positive': True}]}
(INFO) 2024-01-02 17:37:24: === Wrapper内部 开始计时……
(INFO) 2024-01-02 17:37:24: === Read img imgs/kaola.jpg 开始计时……
(INFO) 2024-01-02 17:37:24: === Read img imgs/kaola.jpg 耗时 43ms
(INFO) 2024-01-02 17:37:24: === Read img imgs/kaola.jpg --> 颜色转换 耗时 45ms
(INFO) 2024-01-02 17:37:24: === Read img imgs/result3.png 开始计时……
(INFO) 2024-01-02 17:37:24: === Read img imgs/result3.png 耗时 42ms
(INFO) 2024-01-02 17:37:24: === mask_input loaded from: imgs/result3.png.npy
(INFO) 2024-01-02 17:37:24: === Wrapper内部 --> 读图 耗时 89ms
(INFO) 2024-01-02 17:37:24: === Wrapper内部 --> 初始化Predictor 耗时 89ms
(INFO) 2024-01-02 17:37:24: === Wrapper内部 --> 调用Image Encoder 耗时 125ms
(INFO) 2024-01-02 17:37:24: === Wrapper内部 --> 调用Predictor 耗时 210ms
(INFO) 2024-01-02 17:37:24: === Wrapper内部 --> 处理颜色 耗时 211ms
(INFO) 2024-01-02 17:37:24: === Prob saved to: imgs/result6.png.npy
(INFO) 2024-01-02 17:37:24: === masks scores<--->[0.99349046]
(INFO) 2024-01-02 17:37:24: === Wrapper内部 耗时 291ms
(INFO) 2024-01-02 17:37:24: === Post全程 耗时 297ms
(INFO) 2024-01-02 17:37:59: === Post全程 开始计时……
(INFO) 2024-01-02 17:37:59: body_dict: {'imgPath': 'imgs/kaola.jpg', 'preMask': 'imgs/result3.png', 'resultPath': 'imgs/result8.png', 'box': {'xmin': 752, 'ymin': 404, 'xmax': 1267, 'ymax': 958}, 'maskColor': {'R': 0, 'G': 255, 'B': 0, 'A': 200}, 'click': [{'x': 1189, 'y': 834, 'is_positive': True}]}
(INFO) 2024-01-02 17:37:59: === Wrapper内部 开始计时……
(INFO) 2024-01-02 17:37:59: === Read img imgs/kaola.jpg 开始计时……
(INFO) 2024-01-02 17:37:59: === Read img imgs/kaola.jpg 耗时 39ms
(INFO) 2024-01-02 17:37:59: === Read img imgs/kaola.jpg --> 颜色转换 耗时 40ms
(INFO) 2024-01-02 17:37:59: === Read img imgs/result3.png 开始计时……
(INFO) 2024-01-02 17:37:59: === Read img imgs/result3.png 耗时 32ms
(INFO) 2024-01-02 17:37:59: === mask_input loaded from: imgs/result3.png.npy
(INFO) 2024-01-02 17:37:59: === Wrapper内部 --> 读图 耗时 74ms
(INFO) 2024-01-02 17:37:59: === Wrapper内部 --> 初始化Predictor 耗时 74ms
(INFO) 2024-01-02 17:37:59: === Wrapper内部 --> 调用Image Encoder 耗时 105ms
(INFO) 2024-01-02 17:37:59: === Wrapper内部 --> 调用Predictor 耗时 161ms
(INFO) 2024-01-02 17:37:59: === Wrapper内部 --> 处理颜色 耗时 161ms
(INFO) 2024-01-02 17:37:59: === Prob saved to: imgs/result8.png.npy
(INFO) 2024-01-02 17:37:59: === masks scores<--->[0.99349046]
(INFO) 2024-01-02 17:37:59: === Wrapper内部 耗时 250ms
(INFO) 2024-01-02 17:37:59: === Post全程 耗时 256ms
