(INFO) 2024-01-02 16:39:56: === 加载模型:weights/sam_hq_vit_l.pth 开始计时……
(INFO) 2024-01-02 16:40:04: === 加载模型:weights/sam_hq_vit_l.pth 耗时 7054ms
(INFO) 2024-01-02 16:41:35: === Post全程 开始计时……
(INFO) 2024-01-02 16:41:35: body_dict: {'imgPath': 'imgs/kaola.jpg', 'preMask': 'imgs/result3.png', 'resultPath': 'imgs/result9.png', 'box': {'xmin': 752, 'ymin': 404, 'xmax': 1267, 'ymax': 958}, 'maskColor': {'R': 0, 'G': 255, 'B': 0, 'A': 200}, 'click': [{'x': 1189, 'y': 834, 'is_positive': True}]}
(INFO) 2024-01-02 16:41:35: === Wrapper内部 开始计时……
(INFO) 2024-01-02 16:41:35: === Read img imgs/kaola.jpg 开始计时……
(INFO) 2024-01-02 16:41:35: === Read img imgs/kaola.jpg 耗时 38ms
(INFO) 2024-01-02 16:41:35: === Read img imgs/kaola.jpg --> 颜色转换 耗时 49ms
(INFO) 2024-01-02 16:41:35: === Read img imgs/result3.png 开始计时……
(INFO) 2024-01-02 16:41:35: === Read img imgs/result3.png 耗时 33ms
(INFO) 2024-01-02 16:41:35: mask_input loaded from: imgs/result3.png.npy
(INFO) 2024-01-02 16:41:35: === Wrapper内部 --> 读图 耗时 84ms
(INFO) 2024-01-02 16:41:35: === Wrapper内部 --> 初始化Predictor 耗时 84ms
(INFO) 2024-01-02 16:41:38: === Wrapper内部 --> 调用image encoder 耗时 2672ms
(INFO) 2024-01-02 16:41:38: === Wrapper内部 --> 调用Predictor 耗时 2705ms
(INFO) 2024-01-02 16:41:38: === Wrapper内部 --> 处理颜色 耗时 2706ms
(INFO) 2024-01-02 16:41:38: Prob saved to: imgs/result9.png.npy
(INFO) 2024-01-02 16:41:38: masks scores<--->[0.99349046]
(INFO) 2024-01-02 16:41:38: === Wrapper内部 耗时 2802ms
(INFO) 2024-01-02 16:41:38: === Post全程 耗时 2830ms
