(INFO) 2024-01-04 18:27:41: === 加载模型:weights/sam_hq_vit_l.pth 开始计时……
(INFO) 2024-01-04 18:27:49: === 加载模型:weights/sam_hq_vit_l.pth 耗时 7861ms
(INFO) 2024-01-04 18:27:59: === Post全程 开始计时……
(INFO) 2024-01-04 18:27:59: body_dict: {'imgPath': 'imgs/kaola.jpg', 'preMask': 'imgs/result3.png', 'resultPath': 'imgs/result9.png', 'box': {'xmin': 752, 'ymin': 404, 'xmax': 1267, 'ymax': 958}, 'maskColor': {'R': 0, 'G': 255, 'B': 0, 'A': 200}, 'click': [{'x': 1189, 'y': 834, 'is_positive': True}]}
(INFO) 2024-01-04 18:27:59: === Wrapper内部 开始计时……
(INFO) 2024-01-04 18:27:59: === Read img imgs/kaola.jpg 开始计时……
(INFO) 2024-01-04 18:27:59: === Read img imgs/kaola.jpg 耗时 46ms
(INFO) 2024-01-04 18:27:59: === Read img imgs/kaola.jpg --> 颜色转换 耗时 57ms
(INFO) 2024-01-04 18:27:59: === Read img imgs/result3.png 开始计时……
(INFO) 2024-01-04 18:27:59: === Read img imgs/result3.png 耗时 32ms
(INFO) 2024-01-04 18:27:59: === mask_input loaded from: imgs/result3.png.npy
(INFO) 2024-01-04 18:27:59: === Wrapper内部 --> 读图 耗时 92ms
(INFO) 2024-01-04 18:27:59: === Wrapper内部 --> 初始化Predictor 耗时 92ms
(INFO) 2024-01-04 18:28:02: === Wrapper内部 --> 调用Image Encoder 耗时 3425ms
(INFO) 2024-01-04 18:28:02: === Wrapper内部 --> 调用Predictor 耗时 3456ms
(INFO) 2024-01-04 18:28:02: === Wrapper内部 --> 处理颜色 耗时 3456ms
(INFO) 2024-01-04 18:28:03: === Prob saved to: imgs/result9.png.npy
(INFO) 2024-01-04 18:28:03: === masks scores<--->[0.99349046]
(INFO) 2024-01-04 18:28:03: === Wrapper内部 耗时 3542ms
(INFO) 2024-01-04 18:28:03: === Post全程 耗时 3719ms
(INFO) 2024-01-04 18:28:19: === Post全程 开始计时……
(INFO) 2024-01-04 18:28:19: body_dict: {'imgPath': 'imgs/kaola.jpg', 'preMask': 'imgs/result3.png', 'resultPath': 'imgs/result8.png', 'box': {'xmin': 752, 'ymin': 404, 'xmax': 1267, 'ymax': 958}, 'maskColor': {'R': 0, 'G': 255, 'B': 0, 'A': 200}, 'click': [{'x': 1189, 'y': 834, 'is_positive': True}]}
(INFO) 2024-01-04 18:28:19: === Wrapper内部 开始计时……
(ERROR) 2024-01-04 18:28:19: Failed to predict.
Traceback (most recent call last):
  File "/home/jyf/code/sam/fast_seg/app.py", line 317, in post
    mask_path = self.model.predict(body_dict)
  File "/home/jyf/code/sam/fast_seg/app.py", line 143, in predict
    check_result_path(result_path=result_path)
  File "/home/jyf/code/sam/fast_seg/app.py", line 123, in check_result_path
    raise Exception("目标路径[{}]已存在文件".format(result_path))
Exception: 目标路径[imgs/result8.png]已存在文件
(INFO) 2024-01-04 18:28:28: === Post全程 开始计时……
(INFO) 2024-01-04 18:28:28: body_dict: {'imgPath': 'imgs/kaola.jpg', 'preMask': 'imgs/result3.png', 'resultPath': 'imgs/result7.png', 'box': {'xmin': 752, 'ymin': 404, 'xmax': 1267, 'ymax': 958}, 'maskColor': {'R': 0, 'G': 255, 'B': 0, 'A': 200}, 'click': [{'x': 1189, 'y': 834, 'is_positive': True}]}
(INFO) 2024-01-04 18:28:28: === Wrapper内部 开始计时……
(INFO) 2024-01-04 18:28:28: === Read img imgs/kaola.jpg 开始计时……
(INFO) 2024-01-04 18:28:28: === Read img imgs/kaola.jpg 耗时 39ms
(INFO) 2024-01-04 18:28:28: === Read img imgs/kaola.jpg --> 颜色转换 耗时 40ms
(INFO) 2024-01-04 18:28:28: === Read img imgs/result3.png 开始计时……
(INFO) 2024-01-04 18:28:28: === Read img imgs/result3.png 耗时 28ms
(INFO) 2024-01-04 18:28:28: === mask_input loaded from: imgs/result3.png.npy
(INFO) 2024-01-04 18:28:28: === Wrapper内部 --> 读图 耗时 69ms
(INFO) 2024-01-04 18:28:28: === Wrapper内部 --> 初始化Predictor 耗时 69ms
(INFO) 2024-01-04 18:28:28: === Wrapper内部 --> 调用Image Encoder 耗时 104ms
(INFO) 2024-01-04 18:28:28: === Wrapper内部 --> 调用Predictor 耗时 123ms
(INFO) 2024-01-04 18:28:28: === Wrapper内部 --> 处理颜色 耗时 123ms
(INFO) 2024-01-04 18:28:28: === Prob saved to: imgs/result7.png.npy
(INFO) 2024-01-04 18:28:28: === masks scores<--->[0.99349046]
(INFO) 2024-01-04 18:28:28: === Wrapper内部 耗时 207ms
(INFO) 2024-01-04 18:28:28: === Post全程 耗时 250ms
